android/app/build/intermediates/manifest_merge_blame_file/debug/manifest-merger-blame-debug-report.txt
1<?xml version="1.0" encoding="utf-8"?>
2<manifest xmlns:android="http://schemas.android.com/apk/res/android"
3    package="com.appatacado"
4    android:versionCode="1"
5    android:versionName="1.0" >
6
7    <uses-sdk
8        android:minSdkVersion="21"
9        android:targetSdkVersion="31" />
10
11    <uses-permission android:name="android.permission.SYSTEM_ALERT_WINDOW" />
11-->src/debug/AndroidManifest.xml:5:5-77
11-->src/debug/AndroidManifest.xml:5:22-75
12    <uses-permission android:name="android.permission.INTERNET" /> <!-- Required -->
12-->src/main/AndroidManifest.xml:4:5-67
12-->src/main/AndroidManifest.xml:4:22-64
13    <uses-permission android:name="android.permission.CAMERA" /> <!-- Include this only if you are planning to use the camera roll -->
13-->src/main/AndroidManifest.xml:6:5-65
13-->src/main/AndroidManifest.xml:6:22-62
14    <uses-permission android:name="android.permission.READ_EXTERNAL_STORAGE" />
14-->src/main/AndroidManifest.xml:9:5-80
14-->src/main/AndroidManifest.xml:9:22-77
15    <uses-permission android:name="android.permission.WRITE_EXTERNAL_STORAGE" /> <!-- Include this only if you are planning to use the microphone for video recording -->
15-->src/main/AndroidManifest.xml:10:5-81
15-->src/main/AndroidManifest.xml:10:22-78
16    <uses-permission android:name="android.permission.RECORD_AUDIO" />
16-->src/main/AndroidManifest.xml:13:5-70
16-->src/main/AndroidManifest.xml:13:22-68
17    <uses-permission android:name="android.permission.ACCESS_WIFI_STATE" />
17-->[com.facebook.flipper:flipper:0.125.0] AndroidManifest.xml:16:5-76
17-->[com.facebook.flipper:flipper:0.125.0] AndroidManifest.xml:16:22-73
18
19    <uses-feature
19-->[:react-native-camera] AndroidManifest.xml:11:5-13:36
20        android:name="android.hardware.camera"
20-->[:react-native-camera] AndroidManifest.xml:12:9-47
21        android:required="false" />
21-->[:react-native-camera] AndroidManifest.xml:13:9-33
22    <uses-feature
22-->[:react-native-camera] AndroidManifest.xml:14:5-16:36
23        android:name="android.hardware.camera.autofocus"
23-->[:react-native-camera] AndroidManifest.xml:15:9-57
24        android:required="false" />
24-->[:react-native-camera] AndroidManifest.xml:16:9-33
25
26    <uses-permission android:name="android.permission.ACCESS_NETWORK_STATE" />
26-->[:react-native-community_netinfo] AndroidManifest.xml:9:5-79
26-->[:react-native-community_netinfo] AndroidManifest.xml:9:22-76
27    <!--
28         Required to keep CPU alive while downloading files
29        (NOT to keep screen awake)
30    -->
31    <uses-permission android:name="android.permission.WAKE_LOCK" /> <!-- Required to to download files without a notification -->
31-->[:react-native-blob-util] AndroidManifest.xml:16:5-68
31-->[:react-native-blob-util] AndroidManifest.xml:16:22-65
32    <uses-permission android:name="android.permission.DOWNLOAD_WITHOUT_NOTIFICATION" />
32-->[:react-native-blob-util] AndroidManifest.xml:34:5-88
32-->[:react-native-blob-util] AndroidManifest.xml:34:22-85
33
34    <queries>
34-->[:react-native-mail] AndroidManifest.xml:9:5-15:15
35        <intent>
35-->[:react-native-mail] AndroidManifest.xml:10:9-14:18
36            <action android:name="android.intent.action.SEND_MULTIPLE" />
36-->[:react-native-mail] AndroidManifest.xml:11:13-74
36-->[:react-native-mail] AndroidManifest.xml:11:21-71
37
38            <data android:mimeType="*/*" />
38-->[:react-native-mail] AndroidManifest.xml:13:13-44
38-->[:react-native-mail] AndroidManifest.xml:13:19-41
39        </intent>
40    </queries> <!-- Required to access Google Play Licensing -->
41    <uses-permission android:name="com.android.vending.CHECK_LICENSE" /> <!-- Create a unique permission for your app and use it so only your app can receive your OneSignal messages. -->
41-->[:rn-fetch-blob] AndroidManifest.xml:10:5-73
41-->[:rn-fetch-blob] AndroidManifest.xml:10:22-70
42    <permission
42-->[com.onesignal:OneSignal:4.7.2] AndroidManifest.xml:7:5-9:47
43        android:name="com.appatacado.permission.C2D_MESSAGE"
43-->[com.onesignal:OneSignal:4.7.2] AndroidManifest.xml:8:9-63
44        android:protectionLevel="signature" />
44-->[com.onesignal:OneSignal:4.7.2] AndroidManifest.xml:9:9-44
45
46    <uses-permission android:name="com.appatacado.permission.C2D_MESSAGE" /> <!-- c2dm RECEIVE are basic requirements for push messages through Google's FCM -->
46-->[com.onesignal:OneSignal:4.7.2] AndroidManifest.xml:11:5-79
46-->[com.onesignal:OneSignal:4.7.2] AndroidManifest.xml:11:22-76
47    <uses-permission android:name="com.google.android.c2dm.permission.RECEIVE" />
47-->[com.onesignal:OneSignal:4.7.2] AndroidManifest.xml:17:5-82
47-->[com.onesignal:OneSignal:4.7.2] AndroidManifest.xml:17:22-79
48    <!--
49 Required so the device vibrates on receiving a push notification.
50         Vibration settings of the device still apply.
51    -->
52    <uses-permission android:name="android.permission.VIBRATE" />
52-->[com.onesignal:OneSignal:4.7.2] AndroidManifest.xml:23:5-66
52-->[com.onesignal:OneSignal:4.7.2] AndroidManifest.xml:23:22-63
53    <!--
54 Use to restore notifications the user hasn't interacted with.
55         They could be missed notifications if the user reboots their device if this isn't in place.
56    -->
57    <uses-permission android:name="android.permission.RECEIVE_BOOT_COMPLETED" /> <!-- START: ShortcutBadger -->
57-->[com.onesignal:OneSignal:4.7.2] AndroidManifest.xml:29:5-81
57-->[com.onesignal:OneSignal:4.7.2] AndroidManifest.xml:29:22-78
58    <!-- Samsung -->
59    <uses-permission android:name="com.sec.android.provider.badge.permission.READ" />
59-->[com.onesignal:OneSignal:4.7.2] AndroidManifest.xml:31:5-86
59-->[com.onesignal:OneSignal:4.7.2] AndroidManifest.xml:31:22-83
60    <uses-permission android:name="com.sec.android.provider.badge.permission.WRITE" /> <!-- HTC -->
60-->[com.onesignal:OneSignal:4.7.2] AndroidManifest.xml:32:5-87
60-->[com.onesignal:OneSignal:4.7.2] AndroidManifest.xml:32:22-84
61    <uses-permission android:name="com.htc.launcher.permission.READ_SETTINGS" />
61-->[com.onesignal:OneSignal:4.7.2] AndroidManifest.xml:33:5-81
61-->[com.onesignal:OneSignal:4.7.2] AndroidManifest.xml:33:22-78
62    <uses-permission android:name="com.htc.launcher.permission.UPDATE_SHORTCUT" /> <!-- Sony -->
62-->[com.onesignal:OneSignal:4.7.2] AndroidManifest.xml:34:5-83
62-->[com.onesignal:OneSignal:4.7.2] AndroidManifest.xml:34:22-80
63    <uses-permission android:name="com.sonyericsson.home.permission.BROADCAST_BADGE" />
63-->[com.onesignal:OneSignal:4.7.2] AndroidManifest.xml:35:5-88
63-->[com.onesignal:OneSignal:4.7.2] AndroidManifest.xml:35:22-85
64    <uses-permission android:name="com.sonymobile.home.permission.PROVIDER_INSERT_BADGE" /> <!-- Apex -->
64-->[com.onesignal:OneSignal:4.7.2] AndroidManifest.xml:36:5-92
64-->[com.onesignal:OneSignal:4.7.2] AndroidManifest.xml:36:22-89
65    <uses-permission android:name="com.anddoes.launcher.permission.UPDATE_COUNT" /> <!-- Solid -->
65-->[com.onesignal:OneSignal:4.7.2] AndroidManifest.xml:37:5-84
65-->[com.onesignal:OneSignal:4.7.2] AndroidManifest.xml:37:22-81
66    <uses-permission android:name="com.majeur.launcher.permission.UPDATE_BADGE" /> <!-- Huawei -->
66-->[com.onesignal:OneSignal:4.7.2] AndroidManifest.xml:38:5-83
66-->[com.onesignal:OneSignal:4.7.2] AndroidManifest.xml:38:22-80
67    <uses-permission android:name="com.huawei.android.launcher.permission.CHANGE_BADGE" />
67-->[com.onesignal:OneSignal:4.7.2] AndroidManifest.xml:39:5-91
67-->[com.onesignal:OneSignal:4.7.2] AndroidManifest.xml:39:22-88
68    <uses-permission android:name="com.huawei.android.launcher.permission.READ_SETTINGS" />
68-->[com.onesignal:OneSignal:4.7.2] AndroidManifest.xml:40:5-92
68-->[com.onesignal:OneSignal:4.7.2] AndroidManifest.xml:40:22-89
69    <uses-permission android:name="com.huawei.android.launcher.permission.WRITE_SETTINGS" /> <!-- ZUK -->
69-->[com.onesignal:OneSignal:4.7.2] AndroidManifest.xml:41:5-93
69-->[com.onesignal:OneSignal:4.7.2] AndroidManifest.xml:41:22-90
70    <uses-permission android:name="android.permission.READ_APP_BADGE" /> <!-- OPPO -->
70-->[com.onesignal:OneSignal:4.7.2] AndroidManifest.xml:42:5-73
70-->[com.onesignal:OneSignal:4.7.2] AndroidManifest.xml:42:22-70
71    <uses-permission android:name="com.oppo.launcher.permission.READ_SETTINGS" />
71-->[com.onesignal:OneSignal:4.7.2] AndroidManifest.xml:43:5-82
71-->[com.onesignal:OneSignal:4.7.2] AndroidManifest.xml:43:22-79
72    <uses-permission android:name="com.oppo.launcher.permission.WRITE_SETTINGS" /> <!-- EvMe -->
72-->[com.onesignal:OneSignal:4.7.2] AndroidManifest.xml:44:5-83
72-->[com.onesignal:OneSignal:4.7.2] AndroidManifest.xml:44:22-80
73    <uses-permission android:name="me.everything.badger.permission.BADGE_COUNT_READ" />
73-->[com.onesignal:OneSignal:4.7.2] AndroidManifest.xml:45:5-88
73-->[com.onesignal:OneSignal:4.7.2] AndroidManifest.xml:45:22-85
74    <uses-permission android:name="me.everything.badger.permission.BADGE_COUNT_WRITE" />
74-->[com.onesignal:OneSignal:4.7.2] AndroidManifest.xml:46:5-89
74-->[com.onesignal:OneSignal:4.7.2] AndroidManifest.xml:46:22-86
75    <uses-permission android:name="android.permission.FOREGROUND_SERVICE" />
75-->[androidx.work:work-runtime:2.7.1] AndroidManifest.xml:28:5-77
75-->[androidx.work:work-runtime:2.7.1] AndroidManifest.xml:28:22-74
76
77    <application
77-->src/main/AndroidManifest.xml:15:5-34:19
78        android:name="com.appatacado.MainApplication"
78-->src/main/AndroidManifest.xml:16:7-38
79        android:allowBackup="false"
79-->src/main/AndroidManifest.xml:20:7-34
80        android:appComponentFactory="androidx.core.app.CoreComponentFactory"
80-->[androidx.core:core:1.6.0] AndroidManifest.xml:24:18-86
81        android:debuggable="true"
82        android:icon="@mipmap/ic_launcher"
82-->src/main/AndroidManifest.xml:18:7-41
83        android:label="@string/app_name"
83-->src/main/AndroidManifest.xml:17:7-39
84        android:roundIcon="@mipmap/ic_launcher_round"
84-->src/main/AndroidManifest.xml:19:7-52
85        android:theme="@style/AppTheme"
85-->src/main/AndroidManifest.xml:21:7-38
86        android:usesCleartextTraffic="true" >
86-->src/debug/AndroidManifest.xml:8:9-44
87        <activity
87-->src/debug/AndroidManifest.xml:11:9-111
88            android:name="com.facebook.react.devsupport.DevSettingsActivity"
88-->src/debug/AndroidManifest.xml:11:19-83
89            android:exported="false" />
89-->src/debug/AndroidManifest.xml:11:84-108
90        <activity
90-->src/main/AndroidManifest.xml:22:7-33:18
91            android:name="com.appatacado.MainActivity"
91-->src/main/AndroidManifest.xml:23:9-37
92            android:configChanges="keyboard|keyboardHidden|orientation|screenLayout|screenSize|smallestScreenSize|uiMode"
92-->src/main/AndroidManifest.xml:25:9-118
93            android:exported="true"
93-->src/main/AndroidManifest.xml:28:9-32
94            android:label="@string/app_name"
94-->src/main/AndroidManifest.xml:24:9-41
95            android:launchMode="singleTask"
95-->src/main/AndroidManifest.xml:26:9-40
96            android:windowSoftInputMode="adjustResize" >
96-->src/main/AndroidManifest.xml:27:9-51
97            <intent-filter>
97-->src/main/AndroidManifest.xml:29:9-32:25
98                <action android:name="android.intent.action.MAIN" />
98-->src/main/AndroidManifest.xml:30:13-65
98-->src/main/AndroidManifest.xml:30:21-62
99
100                <category android:name="android.intent.category.LAUNCHER" />
100-->src/main/AndroidManifest.xml:31:13-73
100-->src/main/AndroidManifest.xml:31:23-70
101            </intent-filter>
102        </activity>
103
104        <provider
104-->[:react-native-blob-util] AndroidManifest.xml:37:9-45:20
105            android:name="com.ReactNativeBlobUtil.Utils.FileProvider"
105-->[:react-native-blob-util] AndroidManifest.xml:38:13-70
106            android:authorities="com.appatacado.provider"
106-->[:react-native-blob-util] AndroidManifest.xml:39:13-60
107            android:exported="false"
107-->[:react-native-blob-util] AndroidManifest.xml:40:13-37
108            android:grantUriPermissions="true" >
108-->[:react-native-blob-util] AndroidManifest.xml:41:13-47
109            <meta-data
109-->[:react-native-blob-util] AndroidManifest.xml:42:13-44:58
110                android:name="android.support.FILE_PROVIDER_PATHS"
110-->[:react-native-blob-util] AndroidManifest.xml:43:17-67
111                android:resource="@xml/provider_paths" />
111-->[:react-native-blob-util] AndroidManifest.xml:44:17-55
112        </provider>
113        <provider
113-->[:react-native-image-picker] AndroidManifest.xml:10:9-18:20
114            android:name="com.imagepicker.ImagePickerProvider"
114-->[:react-native-image-picker] AndroidManifest.xml:11:13-63
115            android:authorities="com.appatacado.imagepickerprovider"
115-->[:react-native-image-picker] AndroidManifest.xml:12:13-71
116            android:exported="false"
116-->[:react-native-image-picker] AndroidManifest.xml:13:13-37
117            android:grantUriPermissions="true" >
117-->[:react-native-image-picker] AndroidManifest.xml:14:13-47
118            <meta-data
118-->[:react-native-blob-util] AndroidManifest.xml:42:13-44:58
119                android:name="android.support.FILE_PROVIDER_PATHS"
119-->[:react-native-blob-util] AndroidManifest.xml:43:17-67
120                android:resource="@xml/imagepicker_provider_paths" />
120-->[:react-native-blob-util] AndroidManifest.xml:44:17-55
121        </provider>
122        <provider
122-->[:react-native-mail] AndroidManifest.xml:18:9-26:20
123            android:name="com.chirag.RNMail.RNMailFileProvider"
123-->[:react-native-mail] AndroidManifest.xml:19:13-64
124            android:authorities="com.appatacado.rnmail.provider"
124-->[:react-native-mail] AndroidManifest.xml:20:13-67
125            android:exported="false"
125-->[:react-native-mail] AndroidManifest.xml:21:13-37
126            android:grantUriPermissions="true" >
126-->[:react-native-mail] AndroidManifest.xml:22:13-47
127            <meta-data
127-->[:react-native-blob-util] AndroidManifest.xml:42:13-44:58
128                android:name="android.support.FILE_PROVIDER_PATHS"
128-->[:react-native-blob-util] AndroidManifest.xml:43:17-67
129                android:resource="@xml/provider_paths" />
129-->[:react-native-blob-util] AndroidManifest.xml:44:17-55
130        </provider>
131        <provider
131-->[:react-native-share] AndroidManifest.xml:10:9-18:20
132            android:name="cl.json.RNShareFileProvider"
132-->[:react-native-share] AndroidManifest.xml:11:13-55
133            android:authorities="com.appatacado.rnshare.fileprovider"
133-->[:react-native-share] AndroidManifest.xml:12:13-72
134            android:exported="false"
134-->[:react-native-share] AndroidManifest.xml:13:13-37
135            android:grantUriPermissions="true" >
135-->[:react-native-share] AndroidManifest.xml:14:13-47
136            <meta-data
136-->[:react-native-blob-util] AndroidManifest.xml:42:13-44:58
137                android:name="android.support.FILE_PROVIDER_PATHS"
137-->[:react-native-blob-util] AndroidManifest.xml:43:17-67
138                android:resource="@xml/share_download_paths" />
138-->[:react-native-blob-util] AndroidManifest.xml:44:17-55
139        </provider>
140        <provider
140-->[:react-native-webview] AndroidManifest.xml:10:9-18:20
141            android:name="com.reactnativecommunity.webview.RNCWebViewFileProvider"
141-->[:react-native-webview] AndroidManifest.xml:11:13-83
142            android:authorities="com.appatacado.fileprovider"
142-->[:react-native-webview] AndroidManifest.xml:12:13-64
143            android:exported="false"
143-->[:react-native-webview] AndroidManifest.xml:13:13-37
144            android:grantUriPermissions="true" >
144-->[:react-native-webview] AndroidManifest.xml:14:13-47
145            <meta-data
145-->[:react-native-blob-util] AndroidManifest.xml:42:13-44:58
146                android:name="android.support.FILE_PROVIDER_PATHS"
146-->[:react-native-blob-util] AndroidManifest.xml:43:17-67
147                android:resource="@xml/file_provider_paths" />
147-->[:react-native-blob-util] AndroidManifest.xml:44:17-55
148        </provider>
149        <provider
149-->[:rn-fetch-blob] AndroidManifest.xml:34:9-42:20
150            android:name="com.RNFetchBlob.Utils.FileProvider"
150-->[:rn-fetch-blob] AndroidManifest.xml:35:13-62
151            android:authorities="com.appatacado.provider"
151-->[:rn-fetch-blob] AndroidManifest.xml:36:13-60
152            android:exported="false"
152-->[:rn-fetch-blob] AndroidManifest.xml:37:13-37
153            android:grantUriPermissions="true" >
153-->[:rn-fetch-blob] AndroidManifest.xml:38:13-47
154            <meta-data
154-->[:react-native-blob-util] AndroidManifest.xml:42:13-44:58
155                android:name="android.support.FILE_PROVIDER_PATHS"
155-->[:react-native-blob-util] AndroidManifest.xml:43:17-67
156                android:resource="@xml/provider_paths" />
156-->[:react-native-blob-util] AndroidManifest.xml:44:17-55
157        </provider>
158
159        <receiver
159-->[com.onesignal:OneSignal:4.7.2] AndroidManifest.xml:49:9-60:20
160            android:name="com.onesignal.FCMBroadcastReceiver"
160-->[com.onesignal:OneSignal:4.7.2] AndroidManifest.xml:50:13-62
161            android:exported="true"
161-->[com.onesignal:OneSignal:4.7.2] AndroidManifest.xml:51:13-36
162            android:permission="com.google.android.c2dm.permission.SEND" >
162-->[com.onesignal:OneSignal:4.7.2] AndroidManifest.xml:52:13-73
163
164            <!-- High priority so OneSignal payloads can be filtered from other FCM receivers -->
165            <intent-filter android:priority="999" >
165-->[com.onesignal:OneSignal:4.7.2] AndroidManifest.xml:55:13-59:29
165-->[com.onesignal:OneSignal:4.7.2] AndroidManifest.xml:55:28-50
166                <action android:name="com.google.android.c2dm.intent.RECEIVE" />
166-->[com.onesignal:OneSignal:4.7.2] AndroidManifest.xml:56:17-81
166-->[com.onesignal:OneSignal:4.7.2] AndroidManifest.xml:56:25-78
167
168                <category android:name="com.appatacado" />
168-->[com.onesignal:OneSignal:4.7.2] AndroidManifest.xml:58:17-61
168-->[com.onesignal:OneSignal:4.7.2] AndroidManifest.xml:58:27-58
169            </intent-filter>
170        </receiver>
171
172        <service
172-->[com.onesignal:OneSignal:4.7.2] AndroidManifest.xml:62:9-68:19
173            android:name="com.onesignal.HmsMessageServiceOneSignal"
173-->[com.onesignal:OneSignal:4.7.2] AndroidManifest.xml:63:13-68
174            android:exported="false" >
174-->[com.onesignal:OneSignal:4.7.2] AndroidManifest.xml:64:13-37
175            <intent-filter>
175-->[com.onesignal:OneSignal:4.7.2] AndroidManifest.xml:65:13-67:29
176                <action android:name="com.huawei.push.action.MESSAGING_EVENT" />
176-->[com.onesignal:OneSignal:4.7.2] AndroidManifest.xml:66:17-81
176-->[com.onesignal:OneSignal:4.7.2] AndroidManifest.xml:66:25-78
177            </intent-filter>
178        </service>
179
180        <activity
180-->[com.onesignal:OneSignal:4.7.2] AndroidManifest.xml:70:9-78:20
181            android:name="com.onesignal.NotificationOpenedActivityHMS"
181-->[com.onesignal:OneSignal:4.7.2] AndroidManifest.xml:71:13-71
182            android:exported="true"
182-->[com.onesignal:OneSignal:4.7.2] AndroidManifest.xml:72:13-36
183            android:noHistory="true"
183-->[com.onesignal:OneSignal:4.7.2] AndroidManifest.xml:73:13-37
184            android:theme="@android:style/Theme.Translucent.NoTitleBar" >
184-->[com.onesignal:OneSignal:4.7.2] AndroidManifest.xml:74:13-72
185            <intent-filter>
185-->[com.onesignal:OneSignal:4.7.2] AndroidManifest.xml:75:13-77:29
186                <action android:name="android.intent.action.VIEW" />
186-->[com.onesignal:OneSignal:4.7.2] AndroidManifest.xml:76:17-69
186-->[com.onesignal:OneSignal:4.7.2] AndroidManifest.xml:76:25-66
187            </intent-filter>
188        </activity>
189
190        <service
190-->[com.onesignal:OneSignal:4.7.2] AndroidManifest.xml:80:9-82:40
191            android:name="com.onesignal.FCMIntentService"
191-->[com.onesignal:OneSignal:4.7.2] AndroidManifest.xml:81:13-58
192            android:exported="false" />
192-->[com.onesignal:OneSignal:4.7.2] AndroidManifest.xml:82:13-37
193        <service
193-->[com.onesignal:OneSignal:4.7.2] AndroidManifest.xml:83:9-86:72
194            android:name="com.onesignal.FCMIntentJobService"
194-->[com.onesignal:OneSignal:4.7.2] AndroidManifest.xml:84:13-61
195            android:exported="false"
195-->[com.onesignal:OneSignal:4.7.2] AndroidManifest.xml:85:13-37
196            android:permission="android.permission.BIND_JOB_SERVICE" />
196-->[com.onesignal:OneSignal:4.7.2] AndroidManifest.xml:86:13-69
197        <service
197-->[com.onesignal:OneSignal:4.7.2] AndroidManifest.xml:87:9-90:43
198            android:name="com.onesignal.SyncService"
198-->[com.onesignal:OneSignal:4.7.2] AndroidManifest.xml:88:13-53
199            android:exported="false"
199-->[com.onesignal:OneSignal:4.7.2] AndroidManifest.xml:89:13-37
200            android:stopWithTask="true" />
200-->[com.onesignal:OneSignal:4.7.2] AndroidManifest.xml:90:13-40
201        <service
201-->[com.onesignal:OneSignal:4.7.2] AndroidManifest.xml:91:9-94:72
202            android:name="com.onesignal.SyncJobService"
202-->[com.onesignal:OneSignal:4.7.2] AndroidManifest.xml:92:13-56
203            android:exported="false"
203-->[com.onesignal:OneSignal:4.7.2] AndroidManifest.xml:93:13-37
204            android:permission="android.permission.BIND_JOB_SERVICE" />
204-->[com.onesignal:OneSignal:4.7.2] AndroidManifest.xml:94:13-69
205
206        <activity
206-->[com.onesignal:OneSignal:4.7.2] AndroidManifest.xml:96:9-99:75
207            android:name="com.onesignal.PermissionsActivity"
207-->[com.onesignal:OneSignal:4.7.2] AndroidManifest.xml:97:13-61
208            android:exported="false"
208-->[com.onesignal:OneSignal:4.7.2] AndroidManifest.xml:98:13-37
209            android:theme="@android:style/Theme.Translucent.NoTitleBar" />
209-->[com.onesignal:OneSignal:4.7.2] AndroidManifest.xml:99:13-72
210
211        <receiver
211-->[com.onesignal:OneSignal:4.7.2] AndroidManifest.xml:101:9-103:39
212            android:name="com.onesignal.NotificationDismissReceiver"
212-->[com.onesignal:OneSignal:4.7.2] AndroidManifest.xml:102:13-69
213            android:exported="true" />
213-->[com.onesignal:OneSignal:4.7.2] AndroidManifest.xml:103:13-36
214        <receiver
214-->[com.onesignal:OneSignal:4.7.2] AndroidManifest.xml:104:9-111:20
215            android:name="com.onesignal.BootUpReceiver"
215-->[com.onesignal:OneSignal:4.7.2] AndroidManifest.xml:105:13-56
216            android:exported="true" >
216-->[com.onesignal:OneSignal:4.7.2] AndroidManifest.xml:106:13-36
217            <intent-filter>
217-->[com.onesignal:OneSignal:4.7.2] AndroidManifest.xml:107:13-110:29
218                <action android:name="android.intent.action.BOOT_COMPLETED" />
218-->[com.onesignal:OneSignal:4.7.2] AndroidManifest.xml:108:17-79
218-->[com.onesignal:OneSignal:4.7.2] AndroidManifest.xml:108:25-76
219                <action android:name="android.intent.action.QUICKBOOT_POWERON" />
219-->[com.onesignal:OneSignal:4.7.2] AndroidManifest.xml:109:17-82
219-->[com.onesignal:OneSignal:4.7.2] AndroidManifest.xml:109:25-79
220            </intent-filter>
221        </receiver>
222        <receiver
222-->[com.onesignal:OneSignal:4.7.2] AndroidManifest.xml:112:9-118:20
223            android:name="com.onesignal.UpgradeReceiver"
223-->[com.onesignal:OneSignal:4.7.2] AndroidManifest.xml:113:13-57
224            android:exported="true" >
224-->[com.onesignal:OneSignal:4.7.2] AndroidManifest.xml:114:13-36
225            <intent-filter>
225-->[com.onesignal:OneSignal:4.7.2] AndroidManifest.xml:115:13-117:29
226                <action android:name="android.intent.action.MY_PACKAGE_REPLACED" />
226-->[com.onesignal:OneSignal:4.7.2] AndroidManifest.xml:116:17-84
226-->[com.onesignal:OneSignal:4.7.2] AndroidManifest.xml:116:25-81
227            </intent-filter>
228        </receiver>
229
230        <activity
230-->[com.onesignal:OneSignal:4.7.2] AndroidManifest.xml:120:9-126:75
231            android:name="com.onesignal.NotificationOpenedReceiver"
231-->[com.onesignal:OneSignal:4.7.2] AndroidManifest.xml:121:13-68
232            android:excludeFromRecents="true"
232-->[com.onesignal:OneSignal:4.7.2] AndroidManifest.xml:122:13-46
233            android:exported="true"
233-->[com.onesignal:OneSignal:4.7.2] AndroidManifest.xml:123:13-36
234            android:noHistory="true"
234-->[com.onesignal:OneSignal:4.7.2] AndroidManifest.xml:124:13-37
235            android:taskAffinity=""
235-->[com.onesignal:OneSignal:4.7.2] AndroidManifest.xml:125:13-36
236            android:theme="@android:style/Theme.Translucent.NoTitleBar" />
236-->[com.onesignal:OneSignal:4.7.2] AndroidManifest.xml:126:13-72
237        <activity
237-->[com.onesignal:OneSignal:4.7.2] AndroidManifest.xml:127:9-132:75
238            android:name="com.onesignal.NotificationOpenedReceiverAndroid22AndOlder"
238-->[com.onesignal:OneSignal:4.7.2] AndroidManifest.xml:128:13-85
239            android:excludeFromRecents="true"
239-->[com.onesignal:OneSignal:4.7.2] AndroidManifest.xml:129:13-46
240            android:exported="true"
240-->[com.onesignal:OneSignal:4.7.2] AndroidManifest.xml:130:13-36
241            android:noHistory="true"
241-->[com.onesignal:OneSignal:4.7.2] AndroidManifest.xml:131:13-37
242            android:theme="@android:style/Theme.Translucent.NoTitleBar" />
242-->[com.onesignal:OneSignal:4.7.2] AndroidManifest.xml:132:13-72
243
244        <receiver
244-->[com.google.firebase:firebase-messaging:22.0.0] AndroidManifest.xml:28:9-35:20
245            android:name="com.google.firebase.iid.FirebaseInstanceIdReceiver"
245-->[com.google.firebase:firebase-messaging:22.0.0] AndroidManifest.xml:29:13-78
246            android:exported="true"
246-->[com.google.firebase:firebase-messaging:22.0.0] AndroidManifest.xml:30:13-36
247            android:permission="com.google.android.c2dm.permission.SEND" >
247-->[com.google.firebase:firebase-messaging:22.0.0] AndroidManifest.xml:31:13-73
248            <intent-filter>
248-->[com.google.firebase:firebase-messaging:22.0.0] AndroidManifest.xml:32:13-34:29
249                <action android:name="com.google.android.c2dm.intent.RECEIVE" />
249-->[com.onesignal:OneSignal:4.7.2] AndroidManifest.xml:56:17-81
249-->[com.onesignal:OneSignal:4.7.2] AndroidManifest.xml:56:25-78
250            </intent-filter>
251        </receiver>
252        <!--
253             FirebaseMessagingService performs security checks at runtime,
254             but set to not exported to explicitly avoid allowing another app to call it.
255        -->
256        <service
256-->[com.google.firebase:firebase-messaging:22.0.0] AndroidManifest.xml:41:9-48:19
257            android:name="com.google.firebase.messaging.FirebaseMessagingService"
257-->[com.google.firebase:firebase-messaging:22.0.0] AndroidManifest.xml:42:13-82
258            android:directBootAware="true"
258-->[com.google.firebase:firebase-messaging:22.0.0] AndroidManifest.xml:43:13-43
259            android:exported="false" >
259-->[com.google.firebase:firebase-messaging:22.0.0] AndroidManifest.xml:44:13-37
260            <intent-filter android:priority="-500" >
260-->[com.google.firebase:firebase-messaging:22.0.0] AndroidManifest.xml:45:13-47:29
260-->[com.google.firebase:firebase-messaging:22.0.0] AndroidManifest.xml:45:28-51
261                <action android:name="com.google.firebase.MESSAGING_EVENT" />
261-->[com.google.firebase:firebase-messaging:22.0.0] AndroidManifest.xml:46:17-78
261-->[com.google.firebase:firebase-messaging:22.0.0] AndroidManifest.xml:46:25-75
262            </intent-filter>
263        </service>
264        <service
264-->[com.google.firebase:firebase-messaging:22.0.0] AndroidManifest.xml:49:9-55:19
265            android:name="com.google.firebase.components.ComponentDiscoveryService"
265-->[com.google.firebase:firebase-messaging:22.0.0] AndroidManifest.xml:50:13-84
266            android:directBootAware="true"
266-->[com.google.firebase:firebase-common:20.0.0] AndroidManifest.xml:35:13-43
267            android:exported="false" >
267-->[com.google.firebase:firebase-messaging:22.0.0] AndroidManifest.xml:51:13-37
268            <meta-data
268-->[com.google.firebase:firebase-messaging:22.0.0] AndroidManifest.xml:52:13-54:85
269                android:name="com.google.firebase.components:com.google.firebase.messaging.FirebaseMessagingRegistrar"
269-->[com.google.firebase:firebase-messaging:22.0.0] AndroidManifest.xml:53:17-119
270                android:value="com.google.firebase.components.ComponentRegistrar" />
270-->[com.google.firebase:firebase-messaging:22.0.0] AndroidManifest.xml:54:17-82
271            <meta-data
271-->[com.google.firebase:firebase-datatransport:18.0.0] AndroidManifest.xml:28:13-30:85
272                android:name="com.google.firebase.components:com.google.firebase.datatransport.TransportRegistrar"
272-->[com.google.firebase:firebase-datatransport:18.0.0] AndroidManifest.xml:29:17-115
273                android:value="com.google.firebase.components.ComponentRegistrar" />
273-->[com.google.firebase:firebase-datatransport:18.0.0] AndroidManifest.xml:30:17-82
274            <meta-data
274-->[com.google.firebase:firebase-installations:17.0.0] AndroidManifest.xml:18:13-20:85
275                android:name="com.google.firebase.components:com.google.firebase.installations.FirebaseInstallationsRegistrar"
275-->[com.google.firebase:firebase-installations:17.0.0] AndroidManifest.xml:19:17-127
276                android:value="com.google.firebase.components.ComponentRegistrar" />
276-->[com.google.firebase:firebase-installations:17.0.0] AndroidManifest.xml:20:17-82
277        </service>
278